0 info it worked if it ends with ok
1 verbose cli [ '/usr/bin/node', '/usr/bin/npm', 'install', '-g', 'nodemon' ]
2 info using npm@1.4.28
3 info using node@v0.10.36
4 verbose node symlink /usr/bin/node
5 verbose cache add [ 'nodemon', null ]
6 verbose cache add name=undefined spec="nodemon" args=["nodemon",null]
7 verbose parsed url { protocol: null,
7 verbose parsed url   slashes: null,
7 verbose parsed url   auth: null,
7 verbose parsed url   host: null,
7 verbose parsed url   port: null,
7 verbose parsed url   hostname: null,
7 verbose parsed url   hash: null,
7 verbose parsed url   search: null,
7 verbose parsed url   query: null,
7 verbose parsed url   pathname: 'nodemon',
7 verbose parsed url   path: 'nodemon',
7 verbose parsed url   href: 'nodemon' }
8 silly lockFile 1625b929-nodemon nodemon
9 verbose lock nodemon /home/pi/.npm/1625b929-nodemon.lock
10 silly lockFile 1625b929-nodemon nodemon
11 silly lockFile 1625b929-nodemon nodemon
12 verbose addNamed [ 'nodemon', '' ]
13 verbose addNamed [ null, '*' ]
14 silly lockFile 4f5e51c6-nodemon nodemon@
15 verbose lock nodemon@ /home/pi/.npm/4f5e51c6-nodemon.lock
16 silly addNameRange { name: 'nodemon', range: '*', hasData: false }
17 verbose request where is /nodemon
18 verbose request registry https://registry.npmjs.org/
19 verbose request id 782347dbfe2f0c55
20 verbose url raw /nodemon
21 verbose url resolving [ 'https://registry.npmjs.org/', './nodemon' ]
22 verbose url resolved https://registry.npmjs.org/nodemon
23 verbose request where is https://registry.npmjs.org/nodemon
24 info trying registry request attempt 1 at 15:21:13
25 http GET https://registry.npmjs.org/nodemon
26 info retry will retry, error on last attempt: Error: getaddrinfo ENOTFOUND
27 info trying registry request attempt 2 at 15:21:43
28 http GET https://registry.npmjs.org/nodemon
29 http 200 https://registry.npmjs.org/nodemon
30 silly registry.get cb [ 200,
30 silly registry.get   { date: 'Sun, 05 Apr 2015 15:21:49 GMT',
30 silly registry.get     server: 'CouchDB/1.5.0 (Erlang OTP/R16B03)',
30 silly registry.get     etag: '"DNOT0RWD6LLR1P4SPHQIUGEJL"',
30 silly registry.get     'content-type': 'application/json',
30 silly registry.get     'cache-control': 'max-age=60',
30 silly registry.get     'content-length': '146419',
30 silly registry.get     'accept-ranges': 'bytes',
30 silly registry.get     via: '1.1 varnish',
30 silly registry.get     age: '28',
30 silly registry.get     'x-served-by': 'cache-ams4134-AMS',
30 silly registry.get     'x-cache': 'HIT',
30 silly registry.get     'x-cache-hits': '1',
30 silly registry.get     'x-timer': 'S1428247309.448602,VS0,VE0',
30 silly registry.get     vary: 'Accept',
30 silly registry.get     'keep-alive': 'timeout=10, max=50',
30 silly registry.get     connection: 'Keep-Alive' } ]
31 silly addNameRange number 2 { name: 'nodemon', range: '*', hasData: true }
32 silly addNameRange versions [ 'nodemon',
32 silly addNameRange   [ '0.1.4',
32 silly addNameRange     '0.1.5',
32 silly addNameRange     '0.1.6',
32 silly addNameRange     '0.1.7',
32 silly addNameRange     '0.1.8',
32 silly addNameRange     '0.2.0',
32 silly addNameRange     '0.2.1',
32 silly addNameRange     '0.2.2',
32 silly addNameRange     '0.3.0',
32 silly addNameRange     '0.3.1',
32 silly addNameRange     '0.3.2',
32 silly addNameRange     '0.4.0',
32 silly addNameRange     '0.4.1',
32 silly addNameRange     '0.5.0',
32 silly addNameRange     '0.5.1',
32 silly addNameRange     '0.5.2',
32 silly addNameRange     '0.5.3',
32 silly addNameRange     '0.5.4',
32 silly addNameRange     '0.5.5',
32 silly addNameRange     '0.5.6',
32 silly addNameRange     '0.5.7',
32 silly addNameRange     '0.6.0',
32 silly addNameRange     '0.6.1',
32 silly addNameRange     '0.6.2',
32 silly addNameRange     '0.6.3',
32 silly addNameRange     '0.6.4',
32 silly addNameRange     '0.6.5',
32 silly addNameRange     '0.6.6',
32 silly addNameRange     '0.6.7',
32 silly addNameRange     '0.6.8',
32 silly addNameRange     '0.6.9',
32 silly addNameRange     '0.6.10',
32 silly addNameRange     '0.6.11',
32 silly addNameRange     '0.6.12',
32 silly addNameRange     '0.6.13',
32 silly addNameRange     '0.6.14',
32 silly addNameRange     '0.6.15',
32 silly addNameRange     '0.6.16',
32 silly addNameRange     '0.6.17',
32 silly addNameRange     '0.6.18',
32 silly addNameRange     '0.6.19',
32 silly addNameRange     '0.6.20',
32 silly addNameRange     '0.6.21',
32 silly addNameRange     '0.6.22',
32 silly addNameRange     '0.6.23',
32 silly addNameRange     '0.7.0',
32 silly addNameRange     '0.7.1',
32 silly addNameRange     '0.7.2',
32 silly addNameRange     '0.7.3',
32 silly addNameRange     '0.7.4',
32 silly addNameRange     '0.7.5',
32 silly addNameRange     '0.7.6',
32 silly addNameRange     '0.7.7',
32 silly addNameRange     '0.7.8',
32 silly addNameRange     '0.7.10',
32 silly addNameRange     '0.9.0',
32 silly addNameRange     '0.9.1',
32 silly addNameRange     '0.9.2',
32 silly addNameRange     '0.9.3',
32 silly addNameRange     '0.9.5',
32 silly addNameRange     '0.9.6',
32 silly addNameRange     '0.9.7',
32 silly addNameRange     '0.9.10',
32 silly addNameRange     '0.9.11',
32 silly addNameRange     '0.9.12',
32 silly addNameRange     '0.9.14',
32 silly addNameRange     '0.9.16',
32 silly addNameRange     '0.9.17',
32 silly addNameRange     '1.0.0',
32 silly addNameRange     '1.0.1',
32 silly addNameRange     '1.0.2',
32 silly addNameRange     '1.0.2-rc',
32 silly addNameRange     '0.6.10-a',
32 silly addNameRange     '1.0.2-rc3',
32 silly addNameRange     '1.0.2-rc4',
32 silly addNameRange     '1.0.3',
32 silly addNameRange     '1.0.4',
32 silly addNameRange     '1.0.5',
32 silly addNameRange     '1.0.6',
32 silly addNameRange     '1.0.7',
32 silly addNameRange     '1.0.8',
32 silly addNameRange     '1.0.9',
32 silly addNameRange     '1.0.10',
32 silly addNameRange     '1.0.11',
32 silly addNameRange     '1.0.12',
32 silly addNameRange     '1.0.13',
32 silly addNameRange     '1.0.14',
32 silly addNameRange     '1.0.15',
32 silly addNameRange     '1.0.16',
32 silly addNameRange     '1.0.17-rc1',
32 silly addNameRange     '1.0.17-rc2',
32 silly addNameRange     '1.0.17',
32 silly addNameRange     '1.0.18',
32 silly addNameRange     '1.0.19',
32 silly addNameRange     '1.0.20',
32 silly addNameRange     '1.1.0-alpha',
32 silly addNameRange     '1.1.0',
32 silly addNameRange     '1.1.1',
32 silly addNameRange     '1.2.0',
32 silly addNameRange     '1.2.1',
32 silly addNameRange     '1.3.0-0',
32 silly addNameRange     '1.3.0-1',
32 silly addNameRange     '1.3.0-2',
32 silly addNameRange     '1.3.0-3',
32 silly addNameRange     '1.3.0-4',
32 silly addNameRange     '1.3.0-5',
32 silly addNameRange     '1.3.0-6',
32 silly addNameRange     '1.3.0-7',
32 silly addNameRange     '1.3.0',
32 silly addNameRange     '1.3.1',
32 silly addNameRange     '1.3.2',
32 silly addNameRange     '1.3.3',
32 silly addNameRange     '1.3.5',
32 silly addNameRange     '1.3.6',
32 silly addNameRange     '1.3.7' ] ]
33 verbose addNamed [ 'nodemon', '1.3.7' ]
34 verbose addNamed [ '1.3.7', '1.3.7' ]
35 silly lockFile fec6bbf0-nodemon-1-3-7 nodemon@1.3.7
36 verbose lock nodemon@1.3.7 /home/pi/.npm/fec6bbf0-nodemon-1-3-7.lock
37 silly lockFile bcea1563-js-org-nodemon-nodemon-1-3-7-tgz https://registry.npmjs.org/nodemon/-/nodemon-1.3.7.tgz
38 verbose lock https://registry.npmjs.org/nodemon/-/nodemon-1.3.7.tgz /home/pi/.npm/bcea1563-js-org-nodemon-nodemon-1-3-7-tgz.lock
39 verbose addRemoteTarball [ 'https://registry.npmjs.org/nodemon/-/nodemon-1.3.7.tgz',
39 verbose addRemoteTarball   '447bc2e01bf499cbf5853f9937496e0a04835449' ]
40 info retry fetch attempt 1 at 15:21:50
41 verbose fetch to= /tmp/npm-2947-AfSu_sX-/registry.npmjs.org/nodemon/-/nodemon-1.3.7.tgz
42 http GET https://registry.npmjs.org/nodemon/-/nodemon-1.3.7.tgz
43 http 200 https://registry.npmjs.org/nodemon/-/nodemon-1.3.7.tgz
44 silly lockFile bcea1563-js-org-nodemon-nodemon-1-3-7-tgz https://registry.npmjs.org/nodemon/-/nodemon-1.3.7.tgz
45 silly lockFile bcea1563-js-org-nodemon-nodemon-1-3-7-tgz https://registry.npmjs.org/nodemon/-/nodemon-1.3.7.tgz
46 silly lockFile fec6bbf0-nodemon-1-3-7 nodemon@1.3.7
47 silly lockFile fec6bbf0-nodemon-1-3-7 nodemon@1.3.7
48 silly lockFile 4f5e51c6-nodemon nodemon@
49 silly lockFile 4f5e51c6-nodemon nodemon@
50 silly resolved [ { name: 'nodemon',
50 silly resolved     homepage: 'http://nodemon.io',
50 silly resolved     author: { name: 'Remy Sharp', url: 'http://github.com/remy' },
50 silly resolved     bin: { nodemon: './bin/nodemon.js' },
50 silly resolved     engines: { node: '>=0.8' },
50 silly resolved     repository: { type: 'git', url: 'http://github.com/remy/nodemon.git' },
50 silly resolved     description: 'Simple monitor script for use during development of a node.js app.',
50 silly resolved     keywords:
50 silly resolved      [ 'monitor',
50 silly resolved        'development',
50 silly resolved        'restart',
50 silly resolved        'autoload',
50 silly resolved        'reload',
50 silly resolved        'terminal' ],
50 silly resolved     version: '1.3.7',
50 silly resolved     preferGlobal: 'true',
50 silly resolved     licenses: [ [Object] ],
50 silly resolved     main: './lib/nodemon',
50 silly resolved     scripts:
50 silly resolved      { coverage: 'istanbul cover _mocha -- --timeout 30000 --ui bdd --reporter list test/**/*.test.js',
50 silly resolved        ':test': 'mocha --timeout 30000 --ui bdd test/**/*.test.js',
50 silly resolved        test: 'for FILE in test/**/*.test.js; do echo $FILE; ./node_modules/.bin/mocha --timeout 30000 $FILE; if [ $? -ne 0 ]; then exit 1; fi; sleep 1; done',
50 silly resolved        web: 'node web' },
50 silly resolved     devDependencies:
50 silly resolved      { 'coffee-script': '~1.7.1',
50 silly resolved        connect: '~2.19.1',
50 silly resolved        istanbul: '~0.2.10',
50 silly resolved        mocha: '^2.0.1',
50 silly resolved        should: '~4.0.0' },
50 silly resolved     dependencies:
50 silly resolved      { minimatch: '~0.3.0',
50 silly resolved        'ps-tree': '~0.0.3',
50 silly resolved        touch: '~0.0.3',
50 silly resolved        'update-notifier': '^0.3.0' },
50 silly resolved     gitHead: 'ceb53ce403f7b5a39ba4c133f73fe780e472209e',
50 silly resolved     bugs: { url: 'https://github.com/remy/nodemon/issues' },
50 silly resolved     _id: 'nodemon@1.3.7',
50 silly resolved     _shasum: '447bc2e01bf499cbf5853f9937496e0a04835449',
50 silly resolved     _from: 'nodemon@',
50 silly resolved     _npmVersion: '1.4.28',
50 silly resolved     _npmUser: { name: 'remy', email: 'remy@remysharp.com' },
50 silly resolved     maintainers: [ [Object] ],
50 silly resolved     dist:
50 silly resolved      { shasum: '447bc2e01bf499cbf5853f9937496e0a04835449',
50 silly resolved        tarball: 'http://registry.npmjs.org/nodemon/-/nodemon-1.3.7.tgz' },
50 silly resolved     directories: {},
50 silly resolved     _resolved: 'https://registry.npmjs.org/nodemon/-/nodemon-1.3.7.tgz' } ]
51 info install nodemon@1.3.7 into /usr/lib
52 info installOne nodemon@1.3.7
53 verbose lib/node_modules/nodemon unbuild
54 verbose tar unpack /home/pi/.npm/nodemon/1.3.7/package.tgz
55 silly lockFile f069062d-tar-usr-lib-node-modules-nodemon tar:///usr/lib/node_modules/nodemon
56 verbose lock tar:///usr/lib/node_modules/nodemon /home/pi/.npm/f069062d-tar-usr-lib-node-modules-nodemon.lock
57 silly lockFile f2e7b96b-pi-npm-nodemon-1-3-7-package-tgz tar:///home/pi/.npm/nodemon/1.3.7/package.tgz
58 verbose lock tar:///home/pi/.npm/nodemon/1.3.7/package.tgz /home/pi/.npm/f2e7b96b-pi-npm-nodemon-1-3-7-package-tgz.lock
59 silly gunzTarPerm modes [ '755', '644' ]
60 error Error: EACCES, mkdir '/usr/lib/node_modules/nodemon'
60 error  { [Error: EACCES, mkdir '/usr/lib/node_modules/nodemon']
60 error   errno: 3,
60 error   code: 'EACCES',
60 error   path: '/usr/lib/node_modules/nodemon',
60 error   fstream_type: 'Directory',
60 error   fstream_path: '/usr/lib/node_modules/nodemon',
60 error   fstream_class: 'DirWriter',
60 error   fstream_stack:
60 error    [ '/usr/lib/node_modules/npm/node_modules/fstream/lib/dir-writer.js:36:23',
60 error      '/usr/lib/node_modules/npm/node_modules/mkdirp/index.js:46:53',
60 error      'Object.oncomplete (fs.js:108:15)' ] }
61 error Please try running this command again as root/Administrator.
62 error System Linux 3.18.5-v7+
63 error command "/usr/bin/node" "/usr/bin/npm" "install" "-g" "nodemon"
64 error cwd /home/pi/Documents/MySite
65 error node -v v0.10.36
66 error npm -v 1.4.28
67 error path /usr/lib/node_modules/nodemon
68 error fstream_path /usr/lib/node_modules/nodemon
69 error fstream_type Directory
70 error fstream_class DirWriter
71 error code EACCES
72 error errno 3
73 error stack Error: EACCES, mkdir '/usr/lib/node_modules/nodemon'
74 error fstream_stack /usr/lib/node_modules/npm/node_modules/fstream/lib/dir-writer.js:36:23
74 error fstream_stack /usr/lib/node_modules/npm/node_modules/mkdirp/index.js:46:53
74 error fstream_stack Object.oncomplete (fs.js:108:15)
75 verbose exit [ 3, true ]
